<?xml version="1.0" encoding="UTF-8"?>
<!-- Generated by org.testng.reporters.JUnitReportReporter -->
<testsuite hostname="HKs-Dell" failures="0" tests="4" name="hariKrishna.Tests.Test1" time="41.577" errors="0" timestamp="2023-06-23T20:57:19 IST" skipped="0">
  <testcase classname="hariKrishna.Tests.Test1" name="loginFail" time="8.545"/>
  <system-out/>
  <testcase classname="hariKrishna.Tests.Test1" name="LoginFail2" time="8.834"/>
  <system-out/>
  <testcase classname="hariKrishna.Tests.Test1" name="LoginFail2" time="15.321"/>
  <system-out/>
  <testcase classname="hariKrishna.Tests.Test1" name="loginFail" time="8.877"/>
  <system-out/>
</testsuite> <!-- hariKrishna.Tests.Test1 -->
