<?xml version="1.0" encoding="UTF-8"?>
<!-- Generated by org.testng.reporters.JUnitReportReporter -->
<testsuite hostname="HKs-Dell" failures="0" tests="4" name="hariKrishna.Tests.Test2" time="41.065" errors="0" timestamp="2023-06-23T20:57:19 IST" skipped="0">
  <testcase classname="hariKrishna.Tests.Test2" name="loginFail" time="8.846"/>
  <system-out/>
  <testcase classname="hariKrishna.Tests.Test2" name="loginFail" time="14.690"/>
  <system-out/>
  <testcase classname="hariKrishna.Tests.Test2" name="loginFail" time="8.806"/>
  <system-out/>
  <testcase classname="hariKrishna.Tests.Test2" name="loginFail" time="8.723"/>
  <system-out/>
</testsuite> <!-- hariKrishna.Tests.Test2 -->
