<?xml version="1.0" encoding="UTF-8"?>
<!-- Generated by org.testng.reporters.JUnitReportReporter -->
<testsuite hostname="HKs-Dell" failures="0" tests="3" name="hariKrishna.Tests.Test3" time="20.811" errors="0" timestamp="2023-06-17T20:43:53 IST" skipped="0">
  <testcase classname="hariKrishna.Tests.Test3" name="loginFail2" time="5.589"/>
  <system-out/>
  <testcase classname="hariKrishna.Tests.Test3" name="loginFail2" time="5.879"/>
  <system-out/>
  <testcase classname="hariKrishna.Tests.Test3" name="loginFail2" time="9.343"/>
  <system-out/>
</testsuite> <!-- hariKrishna.Tests.Test3 -->
