<?xml version="1.0" encoding="UTF-8"?>
<!-- Generated by org.testng.reporters.JUnitReportReporter -->
<testsuite hostname="HKs-Dell" failures="0" tests="3" name="hariKrishna.cucumber.Runner" time="26.101" errors="0" timestamp="2023-07-06T20:14:43 IST" skipped="0">
  <testcase classname="hariKrishna.cucumber.Runner" name="runScenario" time="7.888"/>
  <system-out/>
  <testcase classname="hariKrishna.cucumber.Runner" name="runScenario" time="12.010"/>
  <system-out/>
  <testcase classname="hariKrishna.cucumber.Runner" name="runScenario" time="6.203"/>
  <system-out/>
</testsuite> <!-- hariKrishna.cucumber.Runner -->
