<?xml version="1.0" encoding="UTF-8"?>
<!-- Generated by org.testng.reporters.JUnitReportReporter -->
<testsuite hostname="HKs-Dell" failures="0" tests="4" name="hariKrishna.Tests.Test1" time="42.254" errors="0" timestamp="2023-07-06T19:39:54 IST" skipped="0">
  <testcase classname="hariKrishna.Tests.Test1" name="LoginFail2" time="8.827"/>
  <system-out/>
  <testcase classname="hariKrishna.Tests.Test1" name="loginFail" time="8.623"/>
  <system-out/>
  <testcase classname="hariKrishna.Tests.Test1" name="LoginFail2" time="10.855"/>
  <system-out/>
  <testcase classname="hariKrishna.Tests.Test1" name="loginFail" time="13.949"/>
  <system-out/>
</testsuite> <!-- hariKrishna.Tests.Test1 -->
