<?xml version="1.0" encoding="UTF-8"?>
<!-- Generated by org.testng.reporters.JUnitReportReporter -->
<testsuite hostname="HKs-Dell" failures="0" tests="4" name="hariKrishna.Tests.Test2" time="41.697" errors="0" timestamp="2023-07-06T19:39:54 IST" skipped="0">
  <testcase classname="hariKrishna.Tests.Test2" name="loginFail" time="8.805"/>
  <system-out/>
  <testcase classname="hariKrishna.Tests.Test2" name="loginFail" time="10.820"/>
  <system-out/>
  <testcase classname="hariKrishna.Tests.Test2" name="loginFail" time="13.387"/>
  <system-out/>
  <testcase classname="hariKrishna.Tests.Test2" name="loginFail" time="8.685"/>
  <system-out/>
</testsuite> <!-- hariKrishna.Tests.Test2 -->
