<?xml version="1.0" encoding="UTF-8"?>
<!-- Generated by org.testng.reporters.JUnitReportReporter -->
<testsuite hostname="HKs-Dell" failures="0" tests="3" name="hariKrishna.cucumber.Runner" time="32.558" errors="0" timestamp="2023-07-06T20:35:19 IST" skipped="0">
  <testcase classname="hariKrishna.cucumber.Runner" name="runScenario" time="16.046"/>
  <system-out/>
  <testcase classname="hariKrishna.cucumber.Runner" name="runScenario" time="8.452"/>
  <system-out/>
  <testcase classname="hariKrishna.cucumber.Runner" name="runScenario" time="8.060"/>
  <system-out/>
</testsuite> <!-- hariKrishna.cucumber.Runner -->
