<?xml version="1.0" encoding="UTF-8"?>
<!-- Generated by org.testng.reporters.JUnitReportReporter -->
<testsuite hostname="HKs-Dell" failures="0" tests="1" name="hariKrishna.Grid.TestA" time="12.066" errors="0" timestamp="2023-07-06T20:35:51 IST" skipped="0">
  <testcase classname="hariKrishna.Grid.TestA" name="loginFail" time="12.066"/>
  <system-out/>
</testsuite> <!-- hariKrishna.Grid.TestA -->
